[debug] [2019-01-16T07:55:37.967Z] ----------------------------------------------------------------------
[debug] [2019-01-16T07:55:37.971Z] Command:       C:\Program Files\nodejs\node.exe C:\Users\aesher9o1\AppData\Roaming\npm\node_modules\firebase-tools\lib\bin\firebase.js init
[debug] [2019-01-16T07:55:37.971Z] CLI Version:   6.2.2
[debug] [2019-01-16T07:55:37.971Z] Platform:      win32
[debug] [2019-01-16T07:55:37.971Z] Node Version:  v10.15.0
[debug] [2019-01-16T07:55:37.973Z] Time:          Wed Jan 16 2019 13:25:37 GMT+0530 (India Standard Time)
[debug] [2019-01-16T07:55:37.973Z] ----------------------------------------------------------------------
[debug] 
[debug] [2019-01-16T07:55:38.053Z] > command requires scopes: ["email","openid","https://www.googleapis.com/auth/cloudplatformprojects.readonly","https://www.googleapis.com/auth/firebase","https://www.googleapis.com/auth/cloud-platform"]
[debug] [2019-01-16T07:55:38.055Z] > authorizing via signed-in user
[info] 
     ######## #### ########  ######## ########     ###     ######  ########
     ##        ##  ##     ## ##       ##     ##  ##   ##  ##       ##
     ######    ##  ########  ######   ########  #########  ######  ######
     ##        ##  ##    ##  ##       ##     ## ##     ##       ## ##
     ##       #### ##     ## ######## ########  ##     ##  ######  ########

You're about to initialize a Firebase project in this directory:

  D:\personal_codes\resume

[debug] [2019-01-16T07:56:11.535Z] ----------------------------------------------------------------------
[debug] [2019-01-16T07:56:11.538Z] Command:       C:\Program Files\nodejs\node.exe C:\Users\aesher9o1\AppData\Roaming\npm\node_modules\firebase-tools\lib\bin\firebase.js init
[debug] [2019-01-16T07:56:11.538Z] CLI Version:   6.2.2
[debug] [2019-01-16T07:56:11.538Z] Platform:      win32
[debug] [2019-01-16T07:56:11.539Z] Node Version:  v10.15.0
[debug] [2019-01-16T07:56:11.540Z] Time:          Wed Jan 16 2019 13:26:11 GMT+0530 (India Standard Time)
[debug] [2019-01-16T07:56:11.540Z] ----------------------------------------------------------------------
[debug] 
[debug] [2019-01-16T07:56:11.552Z] > command requires scopes: ["email","openid","https://www.googleapis.com/auth/cloudplatformprojects.readonly","https://www.googleapis.com/auth/firebase","https://www.googleapis.com/auth/cloud-platform"]
[debug] [2019-01-16T07:56:11.553Z] > authorizing via signed-in user
[info] 
     ######## #### ########  ######## ########     ###     ######  ########
     ##        ##  ##     ## ##       ##     ##  ##   ##  ##       ##
     ######    ##  ########  ######   ########  #########  ######  ######
     ##        ##  ##    ##  ##       ##     ## ##     ##       ## ##
     ##       #### ##     ## ######## ########  ##     ##  ######  ########

You're about to initialize a Firebase project in this directory:

  D:\personal_codes\resume

